[11:31:24.092] [INFO] storybook v10.1.6
[11:31:24.589] [DEBUG] Getting package.json info for D:/jiffy/jiffy-ui1/test/package.json...
[11:31:24.592] [WARN] You are currently using Storybook 10.1.6 but you have packages which are incompatible with it:

- @storybook/addon-actions@7.6.20 which depends on 7.6.20
 Repo: https://github.com/storybookjs/storybook/tree/next/code/addons/actions
- @storybook/addon-controls@7.6.20 which depends on 7.6.20
 Repo: https://github.com/storybookjs/storybook/tree/next/code/addons/controls
- @storybook/addon-essentials@7.6.20 which depends on 7.6.20
 Repo: https://github.com/storybookjs/storybook/tree/next/code/addons/essentials
- storybook-addon-html-document@1.0.1 which depends on ^5.3.4
 Repo: https://github.com/dengbupapapa/storybook-addon-html-document#readme

Please consider updating your packages or contacting the maintainers for compatibility details.

For more details on compatibility guidance, see:
https://github.com/storybookjs/storybook/issues/32836
[11:31:24.627] [ERROR] [38;2;241;97;97mSB_CORE-SERVER_0002 (CriticalPresetLoadError): Storybook failed to load the following preset: @storybook/react-webpack5/preset.

Please check whether your setup is correct, the Storybook dependencies (and their peer dependencies) are installed correctly and there are no package version clashes.

If you believe this is a bug, please open an issue on Github.

Error [ERR_MODULE_NOT_FOUND]: Cannot find package '@storybook/react-webpack5' imported from C:\Users\Arvinda Kumar\AppData\Local\npm-cache\_npx\6fe9a9991b157df1\node_modules\storybook\dist\_node-chunks\chunk-MZPY44R3.js
    at Object.getPackageJSONURL (node:internal/modules/package_json_reader:255:9)
    at packageResolve (node:internal/modules/esm/resolve:767:81)
    at moduleResolve (node:internal/modules/esm/resolve:853:18)
    at defaultResolve (node:internal/modules/esm/resolve:983:11)
    at nextResolve (node:internal/modules/esm/hooks:748:28)
    at Hooks.resolve (node:internal/modules/esm/hooks:240:30)
    at MessagePort.handleMessage (node:internal/modules/esm/worker:199:24)
    at [nodejs.internal.kHybridDispatch] (node:internal/event_target:827:20)
    at MessagePort.<anonymous> (node:internal/per_context/messageport:23:28)

More info: 
[39m
    at loadPreset (file:///C:/Users/Arvinda%20Kumar/AppData/Local/npm-cache/_npx/6fe9a9991b157df1/node_modules/storybook/dist/_node-chunks/chunk-T4NL27CC.js:10101:13)
    at async Promise.all (index 0)
    at async loadPresets (file:///C:/Users/Arvinda%20Kumar/AppData/Local/npm-cache/_npx/6fe9a9991b157df1/node_modules/storybook/dist/_node-chunks/chunk-T4NL27CC.js:10110:73)
    at async getPresets (file:///C:/Users/Arvinda%20Kumar/AppData/Local/npm-cache/_npx/6fe9a9991b157df1/node_modules/storybook/dist/_node-chunks/chunk-T4NL27CC.js:10141:23)
    at async buildDevStandalone (file:///C:/Users/Arvinda%20Kumar/AppData/Local/npm-cache/_npx/6fe9a9991b157df1/node_modules/storybook/dist/core-server/index.js:7537:17)
    at async withTelemetry (file:///C:/Users/Arvinda%20Kumar/AppData/Local/npm-cache/_npx/6fe9a9991b157df1/node_modules/storybook/dist/_node-chunks/chunk-BV46V7UA.js:209:12)
    at async dev (file:///C:/Users/Arvinda%20Kumar/AppData/Local/npm-cache/_npx/6fe9a9991b157df1/node_modules/storybook/dist/bin/core.js:2734:3)
    at async _Command.<anonymous> (file:///C:/Users/Arvinda%20Kumar/AppData/Local/npm-cache/_npx/6fe9a9991b157df1/node_modules/storybook/dist/bin/core.js:2801:92)
[11:31:24.630] [WARN] Broken build, fix the error above.
You may need to refresh the browser.